[INFO  - 2018-10-25T03:30:24.153Z] GhostDriver - Main - running on port 7081
[INFO  - 2018-10-25T03:30:27.953Z] Session [5141cbb0-d806-11e8-80cf-4995280da80e] - page.settings - {"XSSAuditingEnabled":false,"javascriptCanCloseWindows":true,"javascriptCanOpenWindows":true,"javascriptEnabled":true,"loadImages":true,"localToRemoteUrlAccessEnabled":false,"userAgent":"Mozilla/5.0 (Windows NT 6.2; WOW64) AppleWebKit/538.1 (KHTML, like Gecko) PhantomJS/2.1.1 Safari/538.1","webSecurityEnabled":true}
[INFO  - 2018-10-25T03:30:27.953Z] Session [5141cbb0-d806-11e8-80cf-4995280da80e] - page.customHeaders:  - {}
[INFO  - 2018-10-25T03:30:27.953Z] Session [5141cbb0-d806-11e8-80cf-4995280da80e] - Session.negotiatedCapabilities - {"browserName":"phantomjs","version":"2.1.1","driverName":"ghostdriver","driverVersion":"1.2.0","platform":"windows-10-32bit","javascriptEnabled":true,"takesScreenshot":true,"handlesAlerts":false,"databaseEnabled":false,"locationContextEnabled":false,"applicationCacheEnabled":false,"browserConnectionEnabled":false,"cssSelectorsEnabled":true,"webStorageEnabled":false,"rotatable":false,"acceptSslCerts":false,"nativeEvents":true,"proxy":{"proxyType":"direct"}}
[INFO  - 2018-10-25T03:30:27.953Z] SessionManagerReqHand - _postNewSessionCommand - New Session Created: 5141cbb0-d806-11e8-80cf-4995280da80e
[INFO  - 2018-10-25T03:35:24.150Z] SessionManagerReqHand - _cleanupWindowlessSessions - Asynchronous Sessions clean-up phase starting NOW
[INFO  - 2018-10-25T03:40:24.151Z] SessionManagerReqHand - _cleanupWindowlessSessions - Asynchronous Sessions clean-up phase starting NOW
[INFO  - 2018-10-25T03:45:24.151Z] SessionManagerReqHand - _cleanupWindowlessSessions - Asynchronous Sessions clean-up phase starting NOW
[INFO  - 2018-10-25T03:50:24.152Z] SessionManagerReqHand - _cleanupWindowlessSessions - Asynchronous Sessions clean-up phase starting NOW
[INFO  - 2018-10-25T03:55:24.157Z] SessionManagerReqHand - _cleanupWindowlessSessions - Asynchronous Sessions clean-up phase starting NOW
[INFO  - 2018-10-25T04:00:24.212Z] SessionManagerReqHand - _cleanupWindowlessSessions - Asynchronous Sessions clean-up phase starting NOW
[INFO  - 2018-10-25T04:05:24.217Z] SessionManagerReqHand - _cleanupWindowlessSessions - Asynchronous Sessions clean-up phase starting NOW
[INFO  - 2018-10-25T04:10:24.217Z] SessionManagerReqHand - _cleanupWindowlessSessions - Asynchronous Sessions clean-up phase starting NOW
[INFO  - 2018-10-25T04:15:24.217Z] SessionManagerReqHand - _cleanupWindowlessSessions - Asynchronous Sessions clean-up phase starting NOW
[INFO  - 2018-10-25T04:20:24.217Z] SessionManagerReqHand - _cleanupWindowlessSessions - Asynchronous Sessions clean-up phase starting NOW
[INFO  - 2018-10-25T04:25:24.218Z] SessionManagerReqHand - _cleanupWindowlessSessions - Asynchronous Sessions clean-up phase starting NOW
[INFO  - 2018-10-25T04:30:24.218Z] SessionManagerReqHand - _cleanupWindowlessSessions - Asynchronous Sessions clean-up phase starting NOW
[INFO  - 2018-10-25T04:35:24.223Z] SessionManagerReqHand - _cleanupWindowlessSessions - Asynchronous Sessions clean-up phase starting NOW
[INFO  - 2018-10-25T04:40:24.223Z] SessionManagerReqHand - _cleanupWindowlessSessions - Asynchronous Sessions clean-up phase starting NOW
[INFO  - 2018-10-25T04:45:24.223Z] SessionManagerReqHand - _cleanupWindowlessSessions - Asynchronous Sessions clean-up phase starting NOW
[INFO  - 2018-10-25T04:50:24.223Z] SessionManagerReqHand - _cleanupWindowlessSessions - Asynchronous Sessions clean-up phase starting NOW
[INFO  - 2018-10-25T04:55:24.223Z] SessionManagerReqHand - _cleanupWindowlessSessions - Asynchronous Sessions clean-up phase starting NOW
[INFO  - 2018-10-25T05:00:24.223Z] SessionManagerReqHand - _cleanupWindowlessSessions - Asynchronous Sessions clean-up phase starting NOW
[INFO  - 2018-10-25T05:05:24.224Z] SessionManagerReqHand - _cleanupWindowlessSessions - Asynchronous Sessions clean-up phase starting NOW
[INFO  - 2018-10-25T05:10:24.224Z] SessionManagerReqHand - _cleanupWindowlessSessions - Asynchronous Sessions clean-up phase starting NOW
[INFO  - 2018-10-25T05:15:24.224Z] SessionManagerReqHand - _cleanupWindowlessSessions - Asynchronous Sessions clean-up phase starting NOW
[INFO  - 2018-10-25T05:20:24.224Z] SessionManagerReqHand - _cleanupWindowlessSessions - Asynchronous Sessions clean-up phase starting NOW
[INFO  - 2018-10-25T05:25:24.224Z] SessionManagerReqHand - _cleanupWindowlessSessions - Asynchronous Sessions clean-up phase starting NOW
[INFO  - 2018-10-25T05:30:24.224Z] SessionManagerReqHand - _cleanupWindowlessSessions - Asynchronous Sessions clean-up phase starting NOW
[INFO  - 2018-10-25T05:35:24.224Z] SessionManagerReqHand - _cleanupWindowlessSessions - Asynchronous Sessions clean-up phase starting NOW
[INFO  - 2018-10-25T05:40:24.224Z] SessionManagerReqHand - _cleanupWindowlessSessions - Asynchronous Sessions clean-up phase starting NOW
[INFO  - 2018-10-25T05:45:24.224Z] SessionManagerReqHand - _cleanupWindowlessSessions - Asynchronous Sessions clean-up phase starting NOW
[INFO  - 2018-10-25T05:50:24.224Z] SessionManagerReqHand - _cleanupWindowlessSessions - Asynchronous Sessions clean-up phase starting NOW
[INFO  - 2018-10-25T05:55:24.224Z] SessionManagerReqHand - _cleanupWindowlessSessions - Asynchronous Sessions clean-up phase starting NOW
[INFO  - 2018-10-25T06:00:24.225Z] SessionManagerReqHand - _cleanupWindowlessSessions - Asynchronous Sessions clean-up phase starting NOW
[INFO  - 2018-10-25T06:05:24.228Z] SessionManagerReqHand - _cleanupWindowlessSessions - Asynchronous Sessions clean-up phase starting NOW
[INFO  - 2018-10-25T06:10:24.237Z] SessionManagerReqHand - _cleanupWindowlessSessions - Asynchronous Sessions clean-up phase starting NOW
[INFO  - 2018-10-25T06:15:24.237Z] SessionManagerReqHand - _cleanupWindowlessSessions - Asynchronous Sessions clean-up phase starting NOW
[INFO  - 2018-10-25T06:20:24.237Z] SessionManagerReqHand - _cleanupWindowlessSessions - Asynchronous Sessions clean-up phase starting NOW
[INFO  - 2018-10-25T06:25:24.237Z] SessionManagerReqHand - _cleanupWindowlessSessions - Asynchronous Sessions clean-up phase starting NOW
[INFO  - 2018-10-25T06:30:24.237Z] SessionManagerReqHand - _cleanupWindowlessSessions - Asynchronous Sessions clean-up phase starting NOW
[INFO  - 2018-10-25T06:35:24.237Z] SessionManagerReqHand - _cleanupWindowlessSessions - Asynchronous Sessions clean-up phase starting NOW
[INFO  - 2018-10-25T06:40:24.238Z] SessionManagerReqHand - _cleanupWindowlessSessions - Asynchronous Sessions clean-up phase starting NOW
[INFO  - 2018-10-25T06:45:24.237Z] SessionManagerReqHand - _cleanupWindowlessSessions - Asynchronous Sessions clean-up phase starting NOW
[INFO  - 2018-10-25T06:50:24.237Z] SessionManagerReqHand - _cleanupWindowlessSessions - Asynchronous Sessions clean-up phase starting NOW
[INFO  - 2018-10-25T06:55:24.238Z] SessionManagerReqHand - _cleanupWindowlessSessions - Asynchronous Sessions clean-up phase starting NOW
[INFO  - 2018-10-25T07:00:24.237Z] SessionManagerReqHand - _cleanupWindowlessSessions - Asynchronous Sessions clean-up phase starting NOW
[INFO  - 2018-10-25T07:05:24.238Z] SessionManagerReqHand - _cleanupWindowlessSessions - Asynchronous Sessions clean-up phase starting NOW
[INFO  - 2018-10-25T07:10:24.239Z] SessionManagerReqHand - _cleanupWindowlessSessions - Asynchronous Sessions clean-up phase starting NOW
[INFO  - 2018-10-25T07:15:24.265Z] SessionManagerReqHand - _cleanupWindowlessSessions - Asynchronous Sessions clean-up phase starting NOW
[INFO  - 2018-10-25T07:20:24.260Z] SessionManagerReqHand - _cleanupWindowlessSessions - Asynchronous Sessions clean-up phase starting NOW
[INFO  - 2018-10-25T07:25:24.265Z] SessionManagerReqHand - _cleanupWindowlessSessions - Asynchronous Sessions clean-up phase starting NOW
[INFO  - 2018-10-25T07:30:24.265Z] SessionManagerReqHand - _cleanupWindowlessSessions - Asynchronous Sessions clean-up phase starting NOW
[INFO  - 2018-10-25T07:35:24.265Z] SessionManagerReqHand - _cleanupWindowlessSessions - Asynchronous Sessions clean-up phase starting NOW
[INFO  - 2018-10-25T07:40:24.265Z] SessionManagerReqHand - _cleanupWindowlessSessions - Asynchronous Sessions clean-up phase starting NOW
[INFO  - 2018-10-25T07:45:24.266Z] SessionManagerReqHand - _cleanupWindowlessSessions - Asynchronous Sessions clean-up phase starting NOW
[INFO  - 2018-10-25T07:50:24.266Z] SessionManagerReqHand - _cleanupWindowlessSessions - Asynchronous Sessions clean-up phase starting NOW
[INFO  - 2018-10-25T07:55:24.266Z] SessionManagerReqHand - _cleanupWindowlessSessions - Asynchronous Sessions clean-up phase starting NOW
[INFO  - 2018-10-25T08:00:24.266Z] SessionManagerReqHand - _cleanupWindowlessSessions - Asynchronous Sessions clean-up phase starting NOW
[INFO  - 2018-10-25T08:05:24.266Z] SessionManagerReqHand - _cleanupWindowlessSessions - Asynchronous Sessions clean-up phase starting NOW
[INFO  - 2018-10-25T08:10:24.266Z] SessionManagerReqHand - _cleanupWindowlessSessions - Asynchronous Sessions clean-up phase starting NOW
[INFO  - 2018-10-25T08:15:24.266Z] SessionManagerReqHand - _cleanupWindowlessSessions - Asynchronous Sessions clean-up phase starting NOW
[INFO  - 2018-10-25T08:20:24.266Z] SessionManagerReqHand - _cleanupWindowlessSessions - Asynchronous Sessions clean-up phase starting NOW
[INFO  - 2018-10-25T08:25:24.267Z] SessionManagerReqHand - _cleanupWindowlessSessions - Asynchronous Sessions clean-up phase starting NOW
[INFO  - 2018-10-25T08:30:24.267Z] SessionManagerReqHand - _cleanupWindowlessSessions - Asynchronous Sessions clean-up phase starting NOW
[INFO  - 2018-10-25T08:35:24.340Z] SessionManagerReqHand - _cleanupWindowlessSessions - Asynchronous Sessions clean-up phase starting NOW
[INFO  - 2018-10-25T08:40:24.357Z] SessionManagerReqHand - _cleanupWindowlessSessions - Asynchronous Sessions clean-up phase starting NOW
[INFO  - 2018-10-25T08:45:24.357Z] SessionManagerReqHand - _cleanupWindowlessSessions - Asynchronous Sessions clean-up phase starting NOW
[INFO  - 2018-10-25T08:50:24.362Z] SessionManagerReqHand - _cleanupWindowlessSessions - Asynchronous Sessions clean-up phase starting NOW
[INFO  - 2018-10-25T08:55:24.359Z] SessionManagerReqHand - _cleanupWindowlessSessions - Asynchronous Sessions clean-up phase starting NOW
[INFO  - 2018-10-25T09:00:24.360Z] SessionManagerReqHand - _cleanupWindowlessSessions - Asynchronous Sessions clean-up phase starting NOW
[INFO  - 2018-10-25T09:16:46.379Z] SessionManagerReqHand - _cleanupWindowlessSessions - Asynchronous Sessions clean-up phase starting NOW
[INFO  - 2018-10-25T09:21:44.998Z] SessionManagerReqHand - _cleanupWindowlessSessions - Asynchronous Sessions clean-up phase starting NOW
[INFO  - 2018-10-25T09:26:45.109Z] SessionManagerReqHand - _cleanupWindowlessSessions - Asynchronous Sessions clean-up phase starting NOW
[INFO  - 2018-10-25T09:31:45.114Z] SessionManagerReqHand - _cleanupWindowlessSessions - Asynchronous Sessions clean-up phase starting NOW
[INFO  - 2018-10-25T09:36:45.114Z] SessionManagerReqHand - _cleanupWindowlessSessions - Asynchronous Sessions clean-up phase starting NOW
[INFO  - 2018-10-25T09:41:45.115Z] SessionManagerReqHand - _cleanupWindowlessSessions - Asynchronous Sessions clean-up phase starting NOW
[INFO  - 2018-10-25T09:46:45.115Z] SessionManagerReqHand - _cleanupWindowlessSessions - Asynchronous Sessions clean-up phase starting NOW
[INFO  - 2018-10-25T09:51:45.115Z] SessionManagerReqHand - _cleanupWindowlessSessions - Asynchronous Sessions clean-up phase starting NOW
[INFO  - 2018-10-25T09:56:45.115Z] SessionManagerReqHand - _cleanupWindowlessSessions - Asynchronous Sessions clean-up phase starting NOW
[INFO  - 2018-10-25T10:01:45.115Z] SessionManagerReqHand - _cleanupWindowlessSessions - Asynchronous Sessions clean-up phase starting NOW
[INFO  - 2018-10-25T10:06:45.116Z] SessionManagerReqHand - _cleanupWindowlessSessions - Asynchronous Sessions clean-up phase starting NOW
[INFO  - 2018-10-25T10:11:45.116Z] SessionManagerReqHand - _cleanupWindowlessSessions - Asynchronous Sessions clean-up phase starting NOW
[INFO  - 2018-10-25T10:16:45.116Z] SessionManagerReqHand - _cleanupWindowlessSessions - Asynchronous Sessions clean-up phase starting NOW
[INFO  - 2018-10-25T10:21:45.116Z] SessionManagerReqHand - _cleanupWindowlessSessions - Asynchronous Sessions clean-up phase starting NOW
[INFO  - 2018-10-25T10:26:45.116Z] SessionManagerReqHand - _cleanupWindowlessSessions - Asynchronous Sessions clean-up phase starting NOW
[INFO  - 2018-10-25T10:31:45.116Z] SessionManagerReqHand - _cleanupWindowlessSessions - Asynchronous Sessions clean-up phase starting NOW
[INFO  - 2018-10-25T10:36:45.117Z] SessionManagerReqHand - _cleanupWindowlessSessions - Asynchronous Sessions clean-up phase starting NOW
[INFO  - 2018-10-25T10:41:45.117Z] SessionManagerReqHand - _cleanupWindowlessSessions - Asynchronous Sessions clean-up phase starting NOW
[INFO  - 2018-10-25T10:46:45.117Z] SessionManagerReqHand - _cleanupWindowlessSessions - Asynchronous Sessions clean-up phase starting NOW
[INFO  - 2018-10-25T10:51:45.117Z] SessionManagerReqHand - _cleanupWindowlessSessions - Asynchronous Sessions clean-up phase starting NOW
[INFO  - 2018-10-25T10:56:45.117Z] SessionManagerReqHand - _cleanupWindowlessSessions - Asynchronous Sessions clean-up phase starting NOW
[INFO  - 2018-10-25T11:01:45.117Z] SessionManagerReqHand - _cleanupWindowlessSessions - Asynchronous Sessions clean-up phase starting NOW
[INFO  - 2018-10-25T11:06:45.117Z] SessionManagerReqHand - _cleanupWindowlessSessions - Asynchronous Sessions clean-up phase starting NOW
[INFO  - 2018-10-25T11:11:45.117Z] SessionManagerReqHand - _cleanupWindowlessSessions - Asynchronous Sessions clean-up phase starting NOW
[INFO  - 2018-10-25T11:16:45.117Z] SessionManagerReqHand - _cleanupWindowlessSessions - Asynchronous Sessions clean-up phase starting NOW
[INFO  - 2018-10-25T11:21:45.117Z] SessionManagerReqHand - _cleanupWindowlessSessions - Asynchronous Sessions clean-up phase starting NOW
[INFO  - 2018-10-25T11:26:45.117Z] SessionManagerReqHand - _cleanupWindowlessSessions - Asynchronous Sessions clean-up phase starting NOW
[INFO  - 2018-10-25T11:31:45.117Z] SessionManagerReqHand - _cleanupWindowlessSessions - Asynchronous Sessions clean-up phase starting NOW
[INFO  - 2018-10-25T11:36:45.117Z] SessionManagerReqHand - _cleanupWindowlessSessions - Asynchronous Sessions clean-up phase starting NOW
[INFO  - 2018-10-25T11:41:45.117Z] SessionManagerReqHand - _cleanupWindowlessSessions - Asynchronous Sessions clean-up phase starting NOW
[INFO  - 2018-10-25T11:46:45.117Z] SessionManagerReqHand - _cleanupWindowlessSessions - Asynchronous Sessions clean-up phase starting NOW
[INFO  - 2018-10-25T11:51:45.117Z] SessionManagerReqHand - _cleanupWindowlessSessions - Asynchronous Sessions clean-up phase starting NOW
[INFO  - 2018-10-25T11:56:45.117Z] SessionManagerReqHand - _cleanupWindowlessSessions - Asynchronous Sessions clean-up phase starting NOW
[INFO  - 2018-10-25T12:01:45.118Z] SessionManagerReqHand - _cleanupWindowlessSessions - Asynchronous Sessions clean-up phase starting NOW
[INFO  - 2018-10-25T12:06:45.118Z] SessionManagerReqHand - _cleanupWindowlessSessions - Asynchronous Sessions clean-up phase starting NOW
[INFO  - 2018-10-25T12:11:45.118Z] SessionManagerReqHand - _cleanupWindowlessSessions - Asynchronous Sessions clean-up phase starting NOW
[INFO  - 2018-10-25T12:16:45.118Z] SessionManagerReqHand - _cleanupWindowlessSessions - Asynchronous Sessions clean-up phase starting NOW
[INFO  - 2018-10-25T12:21:45.119Z] SessionManagerReqHand - _cleanupWindowlessSessions - Asynchronous Sessions clean-up phase starting NOW
[INFO  - 2018-10-25T12:26:45.119Z] SessionManagerReqHand - _cleanupWindowlessSessions - Asynchronous Sessions clean-up phase starting NOW
[INFO  - 2018-10-25T12:31:45.119Z] SessionManagerReqHand - _cleanupWindowlessSessions - Asynchronous Sessions clean-up phase starting NOW
[INFO  - 2018-10-25T12:36:45.119Z] SessionManagerReqHand - _cleanupWindowlessSessions - Asynchronous Sessions clean-up phase starting NOW
[INFO  - 2018-10-25T12:41:45.201Z] SessionManagerReqHand - _cleanupWindowlessSessions - Asynchronous Sessions clean-up phase starting NOW
[INFO  - 2018-10-25T12:46:45.202Z] SessionManagerReqHand - _cleanupWindowlessSessions - Asynchronous Sessions clean-up phase starting NOW
[INFO  - 2018-10-25T12:51:45.203Z] SessionManagerReqHand - _cleanupWindowlessSessions - Asynchronous Sessions clean-up phase starting NOW
[INFO  - 2018-10-25T12:56:45.204Z] SessionManagerReqHand - _cleanupWindowlessSessions - Asynchronous Sessions clean-up phase starting NOW
[INFO  - 2018-10-25T13:01:45.253Z] SessionManagerReqHand - _cleanupWindowlessSessions - Asynchronous Sessions clean-up phase starting NOW
[INFO  - 2018-10-25T13:06:45.249Z] SessionManagerReqHand - _cleanupWindowlessSessions - Asynchronous Sessions clean-up phase starting NOW
[INFO  - 2018-10-25T13:11:45.250Z] SessionManagerReqHand - _cleanupWindowlessSessions - Asynchronous Sessions clean-up phase starting NOW
[INFO  - 2018-10-25T13:16:45.250Z] SessionManagerReqHand - _cleanupWindowlessSessions - Asynchronous Sessions clean-up phase starting NOW
[INFO  - 2018-10-25T13:21:45.250Z] SessionManagerReqHand - _cleanupWindowlessSessions - Asynchronous Sessions clean-up phase starting NOW
[INFO  - 2018-10-25T13:26:45.251Z] SessionManagerReqHand - _cleanupWindowlessSessions - Asynchronous Sessions clean-up phase starting NOW
[INFO  - 2018-10-25T13:31:45.299Z] SessionManagerReqHand - _cleanupWindowlessSessions - Asynchronous Sessions clean-up phase starting NOW
[INFO  - 2018-10-25T13:36:45.299Z] SessionManagerReqHand - _cleanupWindowlessSessions - Asynchronous Sessions clean-up phase starting NOW
[INFO  - 2018-10-25T13:41:45.300Z] SessionManagerReqHand - _cleanupWindowlessSessions - Asynchronous Sessions clean-up phase starting NOW
[INFO  - 2018-10-25T13:46:45.300Z] SessionManagerReqHand - _cleanupWindowlessSessions - Asynchronous Sessions clean-up phase starting NOW
[INFO  - 2018-10-25T13:51:45.301Z] SessionManagerReqHand - _cleanupWindowlessSessions - Asynchronous Sessions clean-up phase starting NOW
[INFO  - 2018-10-25T13:56:45.301Z] SessionManagerReqHand - _cleanupWindowlessSessions - Asynchronous Sessions clean-up phase starting NOW
[INFO  - 2018-10-25T14:01:45.300Z] SessionManagerReqHand - _cleanupWindowlessSessions - Asynchronous Sessions clean-up phase starting NOW
[INFO  - 2018-10-25T14:06:45.301Z] SessionManagerReqHand - _cleanupWindowlessSessions - Asynchronous Sessions clean-up phase starting NOW
[INFO  - 2018-10-25T14:11:45.301Z] SessionManagerReqHand - _cleanupWindowlessSessions - Asynchronous Sessions clean-up phase starting NOW
[INFO  - 2018-10-25T14:16:45.384Z] SessionManagerReqHand - _cleanupWindowlessSessions - Asynchronous Sessions clean-up phase starting NOW
[INFO  - 2018-10-25T14:21:45.380Z] SessionManagerReqHand - _cleanupWindowlessSessions - Asynchronous Sessions clean-up phase starting NOW
[INFO  - 2018-10-25T14:26:45.375Z] SessionManagerReqHand - _cleanupWindowlessSessions - Asynchronous Sessions clean-up phase starting NOW
[INFO  - 2018-10-25T14:31:45.375Z] SessionManagerReqHand - _cleanupWindowlessSessions - Asynchronous Sessions clean-up phase starting NOW
[INFO  - 2018-10-25T14:36:45.376Z] SessionManagerReqHand - _cleanupWindowlessSessions - Asynchronous Sessions clean-up phase starting NOW
[INFO  - 2018-10-25T14:41:45.376Z] SessionManagerReqHand - _cleanupWindowlessSessions - Asynchronous Sessions clean-up phase starting NOW
[INFO  - 2018-10-25T14:46:45.376Z] SessionManagerReqHand - _cleanupWindowlessSessions - Asynchronous Sessions clean-up phase starting NOW
[INFO  - 2018-10-25T14:51:45.376Z] SessionManagerReqHand - _cleanupWindowlessSessions - Asynchronous Sessions clean-up phase starting NOW
[INFO  - 2018-10-25T14:56:45.376Z] SessionManagerReqHand - _cleanupWindowlessSessions - Asynchronous Sessions clean-up phase starting NOW
[INFO  - 2018-10-25T15:01:45.384Z] SessionManagerReqHand - _cleanupWindowlessSessions - Asynchronous Sessions clean-up phase starting NOW
[INFO  - 2018-10-25T15:06:45.437Z] SessionManagerReqHand - _cleanupWindowlessSessions - Asynchronous Sessions clean-up phase starting NOW
[INFO  - 2018-10-25T15:11:45.438Z] SessionManagerReqHand - _cleanupWindowlessSessions - Asynchronous Sessions clean-up phase starting NOW
[INFO  - 2018-10-25T15:16:45.438Z] SessionManagerReqHand - _cleanupWindowlessSessions - Asynchronous Sessions clean-up phase starting NOW
[INFO  - 2018-10-25T15:21:45.438Z] SessionManagerReqHand - _cleanupWindowlessSessions - Asynchronous Sessions clean-up phase starting NOW
[INFO  - 2018-10-25T15:26:45.438Z] SessionManagerReqHand - _cleanupWindowlessSessions - Asynchronous Sessions clean-up phase starting NOW
[INFO  - 2018-10-25T15:31:45.438Z] SessionManagerReqHand - _cleanupWindowlessSessions - Asynchronous Sessions clean-up phase starting NOW
[INFO  - 2018-10-25T15:36:45.438Z] SessionManagerReqHand - _cleanupWindowlessSessions - Asynchronous Sessions clean-up phase starting NOW
[INFO  - 2018-10-25T15:41:45.500Z] SessionManagerReqHand - _cleanupWindowlessSessions - Asynchronous Sessions clean-up phase starting NOW
[INFO  - 2018-10-25T15:46:45.501Z] SessionManagerReqHand - _cleanupWindowlessSessions - Asynchronous Sessions clean-up phase starting NOW
[INFO  - 2018-10-25T15:51:45.554Z] SessionManagerReqHand - _cleanupWindowlessSessions - Asynchronous Sessions clean-up phase starting NOW
[INFO  - 2018-10-25T15:56:45.546Z] SessionManagerReqHand - _cleanupWindowlessSessions - Asynchronous Sessions clean-up phase starting NOW
[INFO  - 2018-10-25T16:01:45.547Z] SessionManagerReqHand - _cleanupWindowlessSessions - Asynchronous Sessions clean-up phase starting NOW
[INFO  - 2018-10-25T16:06:45.548Z] SessionManagerReqHand - _cleanupWindowlessSessions - Asynchronous Sessions clean-up phase starting NOW
[INFO  - 2018-10-25T16:11:45.548Z] SessionManagerReqHand - _cleanupWindowlessSessions - Asynchronous Sessions clean-up phase starting NOW
[INFO  - 2018-10-25T16:16:45.548Z] SessionManagerReqHand - _cleanupWindowlessSessions - Asynchronous Sessions clean-up phase starting NOW
[INFO  - 2018-10-25T16:21:45.548Z] SessionManagerReqHand - _cleanupWindowlessSessions - Asynchronous Sessions clean-up phase starting NOW
[INFO  - 2018-10-25T16:26:45.548Z] SessionManagerReqHand - _cleanupWindowlessSessions - Asynchronous Sessions clean-up phase starting NOW
[INFO  - 2018-10-25T16:31:45.548Z] SessionManagerReqHand - _cleanupWindowlessSessions - Asynchronous Sessions clean-up phase starting NOW
[INFO  - 2018-10-25T16:26:45.808Z] SessionManagerReqHand - _cleanupWindowlessSessions - Asynchronous Sessions clean-up phase starting NOW
[INFO  - 2018-10-25T16:31:45.808Z] SessionManagerReqHand - _cleanupWindowlessSessions - Asynchronous Sessions clean-up phase starting NOW
